<?xml version="1.0" encoding="UTF-8"?>
<testng-results total="5" passed="5" failed="0" skipped="0">
  <reporter-output>
  </reporter-output>
  <suite started-at="2020-07-08T06:15:35Z" name="Default suite" finished-at="2020-07-08T06:16:24Z" duration-ms="49303">
    <groups>
    </groups>
    <test started-at="2020-07-08T06:15:35Z" name="Default test" finished-at="2020-07-08T06:16:24Z" duration-ms="49303">
      <class name="com.ee.tt.stackpagetest">
        <test-method signature="searchrandom()[pri:0, instance:com.ee.tt.stackpagetest@35d6ca49]" started-at="2020-07-08T09:15:35Z" name="searchrandom" finished-at="2020-07-08T09:15:55Z" duration-ms="20054" status="PASS">
          <reporter-output>
          </reporter-output>
        </test-method> <!-- searchrandom -->
        <test-method signature="basketequalpagetest()[pri:0, instance:com.ee.tt.stackpagetest@35d6ca49]" started-at="2020-07-08T09:15:55Z" name="basketequalpagetest" finished-at="2020-07-08T09:16:09Z" duration-ms="13683" status="PASS">
          <reporter-output>
          </reporter-output>
        </test-method> <!-- basketequalpagetest -->
        <test-method signature="pricecontrol()[pri:0, instance:com.ee.tt.stackpagetest@35d6ca49]" started-at="2020-07-08T09:16:09Z" name="pricecontrol" finished-at="2020-07-08T09:16:09Z" duration-ms="34" status="PASS">
          <reporter-output>
          </reporter-output>
        </test-method> <!-- pricecontrol -->
        <test-method signature="priceincreasingtest()[pri:0, instance:com.ee.tt.stackpagetest@35d6ca49]" started-at="2020-07-08T09:16:09Z" name="priceincreasingtest" finished-at="2020-07-08T09:16:15Z" duration-ms="6220" status="PASS">
          <reporter-output>
          </reporter-output>
        </test-method> <!-- priceincreasingtest -->
        <test-method signature="deleteProducttest()[pri:0, instance:com.ee.tt.stackpagetest@35d6ca49]" started-at="2020-07-08T09:16:15Z" name="deleteProducttest" finished-at="2020-07-08T09:16:24Z" duration-ms="9271" status="PASS">
          <reporter-output>
          </reporter-output>
        </test-method> <!-- deleteProducttest -->
      </class> <!-- com.ee.tt.stackpagetest -->
    </test> <!-- Default test -->
  </suite> <!-- Default suite -->
</testng-results>
